#
# There is insufficient memory for the Java Runtime Environment to continue.
# Native memory allocation (mmap) failed to map 2147483648 bytes for G1 virtual space
# Possible reasons:
#   The system is out of physical RAM or swap space
#   The process is running with CompressedOops enabled, and the Java Heap may be blocking the growth of the native heap
# Possible solutions:
#   Reduce memory load on the system
#   Increase physical memory or swap space
#   Check if swap backing store is full
#   Decrease Java heap size (-Xmx/-Xms)
#   Decrease number of Java threads
#   Decrease Java thread stack sizes (-Xss)
#   Set larger code cache with -XX:ReservedCodeCacheSize=
#   JVM is running with Zero Based Compressed Oops mode in which the Java heap is
#     placed in the first 32GB address space. The Java Heap base address is the
#     maximum limit for the native heap growth. Please use -XX:HeapBaseMinAddress
#     to set the Java Heap base and to place the Java Heap above 32GB virtual address.
# This output file may be truncated or incomplete.
#
#  Out of Memory Error (os_windows.cpp:3825), pid=17972, tid=23044
#
# JRE version:  (17.0.9+7) (build )
# Java VM: OpenJDK 64-Bit Server VM (17.0.9+7-b1087.11, mixed mode, sharing, tiered, compressed oops, compressed class ptrs, g1 gc, windows-amd64)
# No core dump will be written. Minidumps are not enabled by default on client versions of Windows
#

---------------  S U M M A R Y ------------

Command Line: git4idea.http.GitAskPassApp Username for 'https://github.com': 

Host: AMD Ryzen 9 5900X 12-Core Processor            , 24 cores, 127G,  Windows 11 , 64 bit Build 22621 (10.0.22621.4391)
Time: Sun Nov 24 15:31:35 2024 GMT Standard Time elapsed time: 0.049546 seconds (0d 0h 0m 0s)

---------------  T H R E A D  ---------------

Current thread (0x000001917990d300):  JavaThread "Unknown thread" [_thread_in_vm, id=23044, stack(0x00000057c9100000,0x00000057c9200000)]

Stack: [0x00000057c9100000,0x00000057c9200000]
Native frames: (J=compiled Java code, j=interpreted, Vv=VM code, C=native code)
V  [jvm.dll+0x688349]
V  [jvm.dll+0x841bfa]
V  [jvm.dll+0x84383e]
V  [jvm.dll+0x843ea3]
V  [jvm.dll+0x24bdef]
V  [jvm.dll+0x6850f9]
V  [jvm.dll+0x67988a]
V  [jvm.dll+0x30cbfb]
V  [jvm.dll+0x3140a6]
V  [jvm.dll+0x363ede]
V  [jvm.dll+0x36410f]
V  [jvm.dll+0x2e29c8]
V  [jvm.dll+0x2e3934]
V  [jvm.dll+0x812771]
V  [jvm.dll+0x371d41]
V  [jvm.dll+0x7f12bc]
V  [jvm.dll+0x3f59cf]
V  [jvm.dll+0x3f7601]
C  [jli.dll+0x528f]
C  [ucrtbase.dll+0x29333]
C  [KERNEL32.DLL+0x1259d]
C  [ntdll.dll+0x5af38]


---------------  P R O C E S S  ---------------

Threads class SMR info:
_java_thread_list=0x00007ffbca53df18, length=0, elements={
}

Java Threads: ( => current thread )

Other Threads:
  0x00000191799ba660 GCTaskThread "GC Thread#0" [stack: 0x00000057c9200000,0x00000057c9300000] [id=33988]
  0x000001917df4c5e0 ConcurrentGCThread "G1 Main Marker" [stack: 0x00000057c9300000,0x00000057c9400000] [id=40576]
  0x000001917df4d000 ConcurrentGCThread "G1 Conc#0" [stack: 0x00000057c9400000,0x00000057c9500000] [id=44972]

[error occurred during error reporting (printing all threads), id 0xc0000005, EXCEPTION_ACCESS_VIOLATION (0xc0000005) at pc=0x00007ffbc9cf3597]

VM state: not at safepoint (not fully initialized)

VM Mutex/Monitor currently owned by a thread:  ([mutex/lock_event])
[0x0000019179908b60] Heap_lock - owner thread: 0x000001917990d300

Heap address: 0x0000000082000000, size: 30688 MB, Compressed Oops mode: Zero based, Oop shift amount: 3

CDS archive(s) mapped at: [0x0000000000000000-0x0000000000000000-0x0000000000000000), size 0, SharedBaseAddress: 0x0000000800000000, ArchiveRelocationMode: 1.
Narrow klass base: 0x0000000000000000, Narrow klass shift: 0, Narrow klass range: 0x0

GC Precious Log:
<Empty>

Heap:
 garbage-first heap   total 0K, used 0K [0x0000000082000000, 0x0000000800000000)
  region size 16384K, 0 young (0K), 0 survivors (0K)
 Metaspace       used 0K, committed 0K, reserved 0K
  class space    used 0K, committed 0K, reserved 0K

Heap Regions: E=young(eden), S=young(survivor), O=old, HS=humongous(starts), HC=humongous(continues), CS=collection set, F=free, OA=open archive, CA=closed archive, TAMS=top-at-mark-start (previous, next)

Card table byte_map: [0x0000019112bf0000,0x00000191167e0000] _byte_map_base: 0x00000191127e0000

Marking Bits (Prev, Next): (CMBitMap*) 0x00000191799bac80, (CMBitMap*) 0x00000191799bacc0
 Prev Bits: [0x000001911a3d0000, 0x0000019138350000)
 Next Bits: [0x0000019138350000, 0x00000191562d0000)

GC Heap History (0 events):
No events

Dll operation events (1 events):
Event: 0.014 Loaded shared library C:\Program Files\JetBrains\IntelliJ IDEA 2023.3.3\jbr\bin\java.dll

Deoptimization events (0 events):
No events

Classes unloaded (0 events):
No events

Classes redefined (0 events):
No events

Internal exceptions (0 events):
No events

VM Operations (0 events):
No events

Events (0 events):
No events


Dynamic libraries:
0x00007ff659e50000 - 0x00007ff659e5a000 	C:\Program Files\JetBrains\IntelliJ IDEA 2023.3.3\jbr\bin\java.exe
0x00007ffc9d370000 - 0x00007ffc9d587000 	C:\WINDOWS\SYSTEM32\ntdll.dll
0x00007ffc9bff0000 - 0x00007ffc9c0b4000 	C:\WINDOWS\System32\KERNEL32.DLL
0x00007ffc9aa70000 - 0x00007ffc9ae29000 	C:\WINDOWS\System32\KERNELBASE.dll
0x00007ffc9a790000 - 0x00007ffc9a8a1000 	C:\WINDOWS\System32\ucrtbase.dll
0x00007ffc62c60000 - 0x00007ffc62c77000 	C:\Program Files\JetBrains\IntelliJ IDEA 2023.3.3\jbr\bin\jli.dll
0x00007ffc9c870000 - 0x00007ffc9ca1e000 	C:\WINDOWS\System32\USER32.dll
0x00007ffc9a9d0000 - 0x00007ffc9a9f6000 	C:\WINDOWS\System32\win32u.dll
0x00007ffc9bbc0000 - 0x00007ffc9bbe9000 	C:\WINDOWS\System32\GDI32.dll
0x00007ffc9a670000 - 0x00007ffc9a78b000 	C:\WINDOWS\System32\gdi32full.dll
0x00007ffc9a930000 - 0x00007ffc9a9ca000 	C:\WINDOWS\System32\msvcp_win.dll
0x00007ffc6d7b0000 - 0x00007ffc6d7cb000 	C:\Program Files\JetBrains\IntelliJ IDEA 2023.3.3\jbr\bin\VCRUNTIME140.dll
0x00007ffc900f0000 - 0x00007ffc90382000 	C:\WINDOWS\WinSxS\amd64_microsoft.windows.common-controls_6595b64144ccf1df_6.0.22621.4391_none_2715d37f73803e96\COMCTL32.dll
0x00007ffc9c220000 - 0x00007ffc9c2c7000 	C:\WINDOWS\System32\msvcrt.dll
0x00007ffc9b250000 - 0x00007ffc9b281000 	C:\WINDOWS\System32\IMM32.DLL
0x00007ffc7a100000 - 0x00007ffc7a10c000 	C:\Program Files\JetBrains\IntelliJ IDEA 2023.3.3\jbr\bin\vcruntime140_1.dll
0x00007ffc43190000 - 0x00007ffc4321d000 	C:\Program Files\JetBrains\IntelliJ IDEA 2023.3.3\jbr\bin\msvcp140.dll
0x00007ffbc9a00000 - 0x00007ffbca682000 	C:\Program Files\JetBrains\IntelliJ IDEA 2023.3.3\jbr\bin\server\jvm.dll
0x00007ffc9b190000 - 0x00007ffc9b242000 	C:\WINDOWS\System32\ADVAPI32.dll
0x00007ffc9bf40000 - 0x00007ffc9bfe7000 	C:\WINDOWS\System32\sechost.dll
0x00007ffc9b060000 - 0x00007ffc9b088000 	C:\WINDOWS\System32\bcrypt.dll
0x00007ffc9c2d0000 - 0x00007ffc9c3e4000 	C:\WINDOWS\System32\RPCRT4.dll
0x00007ffc9a540000 - 0x00007ffc9a58d000 	C:\WINDOWS\SYSTEM32\POWRPROF.dll
0x00007ffc92310000 - 0x00007ffc92344000 	C:\WINDOWS\SYSTEM32\WINMM.dll
0x00007ffc949d0000 - 0x00007ffc949da000 	C:\WINDOWS\SYSTEM32\VERSION.dll
0x00007ffc88250000 - 0x00007ffc88259000 	C:\WINDOWS\SYSTEM32\WSOCK32.dll
0x00007ffc9ca20000 - 0x00007ffc9ca91000 	C:\WINDOWS\System32\WS2_32.dll
0x00007ffc9a520000 - 0x00007ffc9a533000 	C:\WINDOWS\SYSTEM32\UMPDC.dll
0x00007ffc99690000 - 0x00007ffc996a8000 	C:\WINDOWS\SYSTEM32\kernel.appcore.dll
0x00007ffc973b0000 - 0x00007ffc973ba000 	C:\Program Files\JetBrains\IntelliJ IDEA 2023.3.3\jbr\bin\jimage.dll
0x00007ffc8c610000 - 0x00007ffc8c842000 	C:\WINDOWS\SYSTEM32\DBGHELP.DLL
0x00007ffc9b750000 - 0x00007ffc9badf000 	C:\WINDOWS\System32\combase.dll
0x00007ffc9c140000 - 0x00007ffc9c217000 	C:\WINDOWS\System32\OLEAUT32.dll
0x00007ffc81910000 - 0x00007ffc81942000 	C:\WINDOWS\SYSTEM32\dbgcore.DLL
0x00007ffc9a8b0000 - 0x00007ffc9a92b000 	C:\WINDOWS\System32\bcryptPrimitives.dll
0x00007ffc7fe80000 - 0x00007ffc7fea5000 	C:\Program Files\JetBrains\IntelliJ IDEA 2023.3.3\jbr\bin\java.dll

dbghelp: loaded successfully - version: 4.0.5 - missing functions: none
symbol engine: initialized successfully - sym options: 0x614 - pdb path: .;C:\Program Files\JetBrains\IntelliJ IDEA 2023.3.3\jbr\bin;C:\WINDOWS\SYSTEM32;C:\WINDOWS\WinSxS\amd64_microsoft.windows.common-controls_6595b64144ccf1df_6.0.22621.4391_none_2715d37f73803e96;C:\Program Files\JetBrains\IntelliJ IDEA 2023.3.3\jbr\bin\server

VM Arguments:
java_command: git4idea.http.GitAskPassApp Username for 'https://github.com': 
java_class_path (initial): C:/Program Files/JetBrains/IntelliJ IDEA 2023.3.3/plugins/vcs-git/lib/git4idea-rt.jar;C:/Program Files/JetBrains/IntelliJ IDEA 2023.3.3/lib/externalProcess-rt.jar
Launcher Type: SUN_STANDARD

[Global flags]
     intx CICompilerCount                          = 12                                        {product} {ergonomic}
     uint ConcGCThreads                            = 5                                         {product} {ergonomic}
     uint G1ConcRefinementThreads                  = 18                                        {product} {ergonomic}
   size_t G1HeapRegionSize                         = 16777216                                  {product} {ergonomic}
    uintx GCDrainStackTargetSize                   = 64                                        {product} {ergonomic}
   size_t InitialHeapSize                          = 2147483648                                {product} {ergonomic}
   size_t MarkStackSize                            = 4194304                                   {product} {ergonomic}
   size_t MaxHeapSize                              = 32178700288                               {product} {ergonomic}
   size_t MinHeapDeltaBytes                        = 16777216                                  {product} {ergonomic}
   size_t MinHeapSize                              = 16777216                                  {product} {ergonomic}
    uintx NonNMethodCodeHeapSize                   = 7602480                                {pd product} {ergonomic}
    uintx NonProfiledCodeHeapSize                  = 122027880                              {pd product} {ergonomic}
    uintx ProfiledCodeHeapSize                     = 122027880                              {pd product} {ergonomic}
    uintx ReservedCodeCacheSize                    = 251658240                              {pd product} {ergonomic}
     bool SegmentedCodeCache                       = true                                      {product} {ergonomic}
   size_t SoftMaxHeapSize                          = 32178700288                            {manageable} {ergonomic}
     bool UseCompressedClassPointers               = true                           {product lp64_product} {ergonomic}
     bool UseCompressedOops                        = true                           {product lp64_product} {ergonomic}
     bool UseG1GC                                  = true                                      {product} {ergonomic}
     bool UseLargePagesIndividualAllocation        = false                                  {pd product} {ergonomic}

Logging:
Log output configuration:
 #0: stdout all=warning uptime,level,tags
 #1: stderr all=off uptime,level,tags

Environment Variables:
PATH=C:\Program Files\Git\mingw64\libexec\git-core;C:\Program Files\Git\mingw64\libexec\git-core;C:\Program Files\Git\mingw64\bin;C:\Program Files\Git\usr\bin;C:\Users\emzyy\bin;C:\Program Files\ImageMagick-7.1.1-Q16-HDRI;C:\Program Files\Common Files\Oracle\Java\javapath;C:\Program Files (x86)\Common Files\Oracle\Java\javapath;C:\WINDOWS\system32;C:\WINDOWS;C:\WINDOWS\System32\Wbem;C:\WINDOWS\System32\WindowsPowerShell\v1.0;C:\WINDOWS\System32\OpenSSH;C:\Program Files\Git\cmd;C:\Program Files\nodejs;C:\Program Files (x86)\QuickTime\QTSystem;C:\Program Files\Docker\Docker\resources\bin;C:\Program Files\dotnet;C:\Program Files\WorldPainter;C:\Program Files (x86)\ZeroTier\One;C:\Program Files\NVIDIA Corporation\NVIDIA app\NvDLISR;C:\Program Files (x86)\NVIDIA Corporation\PhysX\Common;C:\Users\emzyy\AppData\Local\Microsoft\WindowsApps;C:\Users\emzyy\AppData\Local\JetBrains\Toolbox\scripts;C:\Users\emzyy\AppData\Roaming\npm;C:\Users\emzyy\AppData\Local\Programs\Microsoft VS Code\bin;C:\Users\emzyy\AppData\Local\Microsoft\WindowsApps
USERNAME=emzyy
DISPLAY=:0.0
LC_ALL=en_US.UTF-8
TERM=xterm-256color
TMPDIR=C:\Users\emzyy\AppData\Local\Temp
OS=Windows_NT
PROCESSOR_IDENTIFIER=AMD64 Family 25 Model 33 Stepping 2, AuthenticAMD
TMP=C:\Users\emzyy\AppData\Local\Temp
TEMP=C:\Users\emzyy\AppData\Local\Temp



Periodic native trim disabled

JNI global refs:
JNI global refs: 0, weak refs: 0

JNI global refs memory usage: 0, weak refs: 0

OOME stack traces (most recent first):
Classloader memory used:


---------------  S Y S T E M  ---------------

OS:
 Windows 11 , 64 bit Build 22621 (10.0.22621.4391)
OS uptime: 2 days 22:12 hours

CPU: total 24 (initial active 24) (24 cores per cpu, 2 threads per core) family 25 model 33 stepping 2 microcode 0x0, cx8, cmov, fxsr, ht, mmx, 3dnowpref, sse, sse2, sse3, ssse3, sse4a, sse4.1, sse4.2, popcnt, lzcnt, tsc, tscinvbit, avx, avx2, aes, erms, clmul, bmi1, bmi2, adx, sha, fma, vzeroupper, clflush, clflushopt
Processor Information for all 24 processors :
  Max Mhz: 3701, Current Mhz: 3701, Mhz Limit: 3701

Memory: 4k page, system-wide physical 130951M (73701M free)
TotalPageFile size 249914M (AvailPageFile size 359M)
current process WorkingSet (physical memory assigned to process): 13M, peak: 13M
current process commit charge ("private bytes"): 82M, peak: 2130M

vm_info: OpenJDK 64-Bit Server VM (17.0.9+7-b1087.11) for windows-amd64 JRE (17.0.9+7-b1087.11), built on 2024-01-05 by "builduser" with MS VC++ 16.10 / 16.11 (VS2019)

END.
